  main.cpp
glfw3.lib(monitor.c.obj) : error LNK2001: unresolved external symbol __security_check_cookie
glfw3.lib(wgl_context.c.obj) : error LNK2001: unresolved external symbol __security_check_cookie
glfw3.lib(egl_context.c.obj) : error LNK2001: unresolved external symbol __security_check_cookie
glfw3.lib(win32_window.c.obj) : error LNK2001: unresolved external symbol __security_check_cookie
glfw3.lib(win32_joystick.c.obj) : error LNK2001: unresolved external symbol __security_check_cookie
glfw3.lib(win32_init.c.obj) : error LNK2001: unresolved external symbol __security_check_cookie
glfw3.lib(win32_monitor.c.obj) : error LNK2001: unresolved external symbol __security_check_cookie
main.obj : error LNK2001: unresolved external symbol __security_check_cookie
glfw3.lib(context.c.obj) : error LNK2001: unresolved external symbol __security_check_cookie
glfw3.lib(init.c.obj) : error LNK2001: unresolved external symbol __security_check_cookie
glfw3.lib(window.c.obj) : error LNK2001: unresolved external symbol __security_check_cookie
main.obj : error LNK2001: unresolved external symbol __imp___acrt_iob_func
main.obj : error LNK2001: unresolved external symbol __imp___stdio_common_vfprintf
LINK : error LNK2001: unresolved external symbol mainCRTStartup
glfw3.lib(context.c.obj) : error LNK2001: unresolved external symbol __imp_strstr
glfw3.lib(win32_joystick.c.obj) : error LNK2001: unresolved external symbol __imp_strstr
glfw3.lib(context.c.obj) : error LNK2001: unresolved external symbol __imp_strncmp
glfw3.lib(egl_context.c.obj) : error LNK2001: unresolved external symbol __imp_strncmp
glfw3.lib(context.c.obj) : error LNK2001: unresolved external symbol __imp___stdio_common_vsscanf
glfw3.lib(wgl_context.c.obj) : error LNK2001: unresolved external symbol __GSHandlerCheck
glfw3.lib(egl_context.c.obj) : error LNK2001: unresolved external symbol __GSHandlerCheck
glfw3.lib(win32_joystick.c.obj) : error LNK2001: unresolved external symbol __GSHandlerCheck
glfw3.lib(win32_init.c.obj) : error LNK2001: unresolved external symbol __GSHandlerCheck
glfw3.lib(win32_monitor.c.obj) : error LNK2001: unresolved external symbol __GSHandlerCheck
glfw3.lib(monitor.c.obj) : error LNK2001: unresolved external symbol __GSHandlerCheck
glfw3.lib(context.c.obj) : error LNK2001: unresolved external symbol __GSHandlerCheck
glfw3.lib(init.c.obj) : error LNK2001: unresolved external symbol __GSHandlerCheck
glfw3.lib(window.c.obj) : error LNK2001: unresolved external symbol __GSHandlerCheck
glfw3.lib(win32_window.c.obj) : error LNK2001: unresolved external symbol __GSHandlerCheck
glfw3.lib(wgl_context.c.obj) : error LNK2001: unresolved external symbol __security_cookie
glfw3.lib(egl_context.c.obj) : error LNK2001: unresolved external symbol __security_cookie
glfw3.lib(win32_joystick.c.obj) : error LNK2001: unresolved external symbol __security_cookie
glfw3.lib(win32_init.c.obj) : error LNK2001: unresolved external symbol __security_cookie
glfw3.lib(win32_monitor.c.obj) : error LNK2001: unresolved external symbol __security_cookie
glfw3.lib(monitor.c.obj) : error LNK2001: unresolved external symbol __security_cookie
glfw3.lib(context.c.obj) : error LNK2001: unresolved external symbol __security_cookie
glfw3.lib(init.c.obj) : error LNK2001: unresolved external symbol __security_cookie
glfw3.lib(window.c.obj) : error LNK2001: unresolved external symbol __security_cookie
glfw3.lib(win32_window.c.obj) : error LNK2001: unresolved external symbol __security_cookie
glfw3.lib(wgl_context.c.obj) : error LNK2001: unresolved external symbol __imp_calloc
glfw3.lib(egl_context.c.obj) : error LNK2001: unresolved external symbol __imp_calloc
glfw3.lib(win32_init.c.obj) : error LNK2001: unresolved external symbol __imp_calloc
glfw3.lib(win32_monitor.c.obj) : error LNK2001: unresolved external symbol __imp_calloc
glfw3.lib(monitor.c.obj) : error LNK2001: unresolved external symbol __imp_calloc
glfw3.lib(vulkan.c.obj) : error LNK2001: unresolved external symbol __imp_calloc
glfw3.lib(input.c.obj) : error LNK2001: unresolved external symbol __imp_calloc
glfw3.lib(window.c.obj) : error LNK2001: unresolved external symbol __imp_calloc
glfw3.lib(win32_window.c.obj) : error LNK2001: unresolved external symbol __imp_calloc
glfw3.lib(win32_joystick.c.obj) : error LNK2001: unresolved external symbol __imp_calloc
glfw3.lib(wgl_context.c.obj) : error LNK2001: unresolved external symbol __imp_free
glfw3.lib(egl_context.c.obj) : error LNK2001: unresolved external symbol __imp_free
glfw3.lib(win32_init.c.obj) : error LNK2001: unresolved external symbol __imp_free
glfw3.lib(win32_monitor.c.obj) : error LNK2001: unresolved external symbol __imp_free
glfw3.lib(monitor.c.obj) : error LNK2001: unresolved external symbol __imp_free
glfw3.lib(vulkan.c.obj) : error LNK2001: unresolved external symbol __imp_free
glfw3.lib(input.c.obj) : error LNK2001: unresolved external symbol __imp_free
glfw3.lib(window.c.obj) : error LNK2001: unresolved external symbol __imp_free
glfw3.lib(win32_window.c.obj) : error LNK2001: unresolved external symbol __imp_free
glfw3.lib(win32_joystick.c.obj) : error LNK2001: unresolved external symbol __imp_free
glfw3.lib(monitor.c.obj) : error LNK2001: unresolved external symbol _fltused
glfw3.lib(input.c.obj) : error LNK2001: unresolved external symbol _fltused
glfw3.lib(window.c.obj) : error LNK2001: unresolved external symbol _fltused
glfw3.lib(win32_window.c.obj) : error LNK2001: unresolved external symbol _fltused
glfw3.lib(win32_joystick.c.obj) : error LNK2001: unresolved external symbol _fltused
glfw3.lib(init.c.obj) : error LNK2001: unresolved external symbol __imp___stdio_common_vsprintf
glfw3.lib(init.c.obj) : error LNK2001: unresolved external symbol __chkstk
glfw3.lib(win32_init.c.obj) : error LNK2001: unresolved external symbol memset
glfw3.lib(win32_monitor.c.obj) : error LNK2001: unresolved external symbol memset
glfw3.lib(init.c.obj) : error LNK2001: unresolved external symbol memset
glfw3.lib(window.c.obj) : error LNK2001: unresolved external symbol memset
glfw3.lib(win32_window.c.obj) : error LNK2001: unresolved external symbol memset
glfw3.lib(win32_joystick.c.obj) : error LNK2001: unresolved external symbol memset
glfw3.lib(win32_window.c.obj) : error LNK2001: unresolved external symbol __imp__strdup
glfw3.lib(win32_joystick.c.obj) : error LNK2001: unresolved external symbol __imp__strdup
glfw3.lib(monitor.c.obj) : error LNK2001: unresolved external symbol __imp__strdup
glfw3.lib(win32_joystick.c.obj) : error LNK2001: unresolved external symbol __imp_qsort
glfw3.lib(monitor.c.obj) : error LNK2001: unresolved external symbol __imp_qsort
glfw3.lib(win32_joystick.c.obj) : error LNK2001: unresolved external symbol sqrt
glfw3.lib(win32_monitor.c.obj) : error LNK2001: unresolved external symbol __imp_realloc
glfw3.lib(monitor.c.obj) : error LNK2001: unresolved external symbol pow
glfw3.lib(vulkan.c.obj) : error LNK2001: unresolved external symbol strcmp
D:\Users\brunodg\Repositorios\Vulkan\OpenGLLearningSteps\OpenGLLearningSteps\x64\Release\OpenGLLearningSteps.exe : fatal error LNK1120: 21 unresolved externals
